# JRE version: 7.0_25-b17
# Java VM: Java HotSpot(TM) 64-Bit Server VM (23.25-b01 mixed mode windows-amd64 compressed oops)
Heap
 PSYoungGen      total 479744K, used 22490K [0x00000007ab0b0000, 0x00000007c8890000, 0x0000000800000000)
  eden space 476672K, 4% used [0x00000007ab0b0000,0x00000007ac6a68f0,0x00000007c8230000)
  from space 3072K, 0% used [0x00000007c8590000,0x00000007c8590000,0x00000007c8890000)
  to   space 3264K, 0% used [0x00000007c8230000,0x00000007c8230000,0x00000007c8560000)
 ParOldGen       total 173952K, used 43744K [0x0000000701200000, 0x000000070bbe0000, 0x00000007ab0b0000)
  object space 173952K, 25% used [0x0000000701200000,0x0000000703cb8088,0x000000070bbe0000)
 PSPermGen       total 54400K, used 54131K [0x00000006fc000000, 0x00000006ff520000, 0x0000000701200000)
  object space 54400K, 99% used [0x00000006fc000000,0x00000006ff4dcf58,0x00000006ff520000)
GC Heap History (10 events):
Event: 172574.192 GC heap before
{Heap before GC invocations=5727 (full 2859):
 PSYoungGen      total 479168K, used 480K [0x00000007ab0b0000, 0x00000007c8750000, 0x0000000800000000)
  eden space 476672K, 0% used [0x00000007ab0b0000,0x00000007ab0b0000,0x00000007c8230000)
  from space 2496K, 19% used [0x00000007c84e0000,0x00000007c8558000,0x00000007c8750000)
  to   space 2624K, 0% used [0x00000007c8230000,0x00000007c8230000,0x00000007c84c0000)
 ParOldGen       total 173952K, used 43783K [0x0000000701200000, 0x000000070bbe0000, 0x00000007ab0b0000)
  object space 173952K, 25% used [0x0000000701200000,0x0000000703cc1e28,0x000000070bbe0000)
 PSPermGen       total 54400K, used 54114K [0x00000006fc000000, 0x00000006ff520000, 0x0000000701200000)
  object space 54400K, 99% used [0x00000006fc000000,0x00000006ff4d8920,0x00000006ff520000)
Event: 172574.281 GC heap after
Heap after GC invocations=5727 (full 2859):
 PSYoungGen      total 479168K, used 0K [0x00000007ab0b0000, 0x00000007c8750000, 0x0000000800000000)
  eden space 476672K, 0% used [0x00000007ab0b0000,0x00000007ab0b0000,0x00000007c8230000)
  from space 2496K, 0% used [0x00000007c84e0000,0x00000007c84e0000,0x00000007c8750000)
  to   space 2624K, 0% used [0x00000007c8230000,0x00000007c8230000,0x00000007c84c0000)
 ParOldGen       total 173952K, used 43896K [0x0000000701200000, 0x000000070bbe0000, 0x00000007ab0b0000)
  object space 173952K, 25% used [0x0000000701200000,0x0000000703cde2e0,0x000000070bbe0000)
 PSPermGen       total 54400K, used 54114K [0x00000006fc000000, 0x00000006ff520000, 0x0000000701200000)
  object space 54400K, 99% used [0x00000006fc000000,0x00000006ff4d8920,0x00000006ff520000)
}
Event: 172653.855 GC heap before
{Heap before GC invocations=5728 (full 2859):
 PSYoungGen      total 479168K, used 133387K [0x00000007ab0b0000, 0x00000007c8750000, 0x0000000800000000)
  eden space 476672K, 27% used [0x00000007ab0b0000,0x00000007b32f2fc0,0x00000007c8230000)
  from space 2496K, 0% used [0x00000007c84e0000,0x00000007c84e0000,0x00000007c8750000)
  to   space 2624K, 0% used [0x00000007c8230000,0x00000007c8230000,0x00000007c84c0000)
 ParOldGen       total 173952K, used 43896K [0x0000000701200000, 0x000000070bbe0000, 0x00000007ab0b0000)
  object space 173952K, 25% used [0x0000000701200000,0x0000000703cde2e0,0x000000070bbe0000)
 PSPermGen       total 54400K, used 54116K [0x00000006fc000000, 0x00000006ff520000, 0x0000000701200000)
  object space 54400K, 99% used [0x00000006fc000000,0x00000006ff4d91d8,0x00000006ff520000)
Event: 172653.860 GC heap after
Heap after GC invocations=5728 (full 2859):
 PSYoungGen      total 479296K, used 2592K [0x00000007ab0b0000, 0x00000007c88f0000, 0x0000000800000000)
  eden space 476672K, 0% used [0x00000007ab0b0000,0x00000007ab0b0000,0x00000007c8230000)
  from space 2624K, 98% used [0x00000007c8230000,0x00000007c84b8348,0x00000007c84c0000)
  to   space 3456K, 0% used [0x00000007c8590000,0x00000007c8590000,0x00000007c88f0000)
 ParOldGen       total 173952K, used 44752K [0x0000000701200000, 0x000000070bbe0000, 0x00000007ab0b0000)
  object space 173952K, 25% used [0x0000000701200000,0x0000000703db42e0,0x000000070bbe0000)
 PSPermGen       total 54400K, used 54116K [0x00000006fc000000, 0x00000006ff520000, 0x0000000701200000)
  object space 54400K, 99% used [0x00000006fc000000,0x00000006ff4d91d8,0x00000006ff520000)
}
Event: 172653.860 GC heap before
{Heap before GC invocations=5729 (full 2860):
 PSYoungGen      total 479296K, used 2592K [0x00000007ab0b0000, 0x00000007c88f0000, 0x0000000800000000)
  eden space 476672K, 0% used [0x00000007ab0b0000,0x00000007ab0b0000,0x00000007c8230000)
  from space 2624K, 98% used [0x00000007c8230000,0x00000007c84b8348,0x00000007c84c0000)
  to   space 3456K, 0% used [0x00000007c8590000,0x00000007c8590000,0x00000007c88f0000)
 ParOldGen       total 173952K, used 44752K [0x0000000701200000, 0x000000070bbe0000, 0x00000007ab0b0000)
  object space 173952K, 25% used [0x0000000701200000,0x0000000703db42e0,0x000000070bbe0000)
 PSPermGen       total 54400K, used 54116K [0x00000006fc000000, 0x00000006ff520000, 0x0000000701200000)
  object space 54400K, 99% used [0x00000006fc000000,0x00000006ff4d91d8,0x00000006ff520000)
Event: 172653.933 GC heap after
Heap after GC invocations=5729 (full 2860):
 PSYoungGen      total 479296K, used 0K [0x00000007ab0b0000, 0x00000007c88f0000, 0x0000000800000000)
  eden space 476672K, 0% used [0x00000007ab0b0000,0x00000007ab0b0000,0x00000007c8230000)
  from space 2624K, 0% used [0x00000007c8230000,0x00000007c8230000,0x00000007c84c0000)
  to   space 3456K, 0% used [0x00000007c8590000,0x00000007c8590000,0x00000007c88f0000)
 ParOldGen       total 173952K, used 43918K [0x0000000701200000, 0x000000070bbe0000, 0x00000007ab0b0000)
  object space 173952K, 25% used [0x0000000701200000,0x0000000703ce3830,0x000000070bbe0000)
 PSPermGen       total 54400K, used 54116K [0x00000006fc000000, 0x00000006ff520000, 0x0000000701200000)
  object space 54400K, 99% used [0x00000006fc000000,0x00000006ff4d91b8,0x00000006ff520000)
}
Event: 172713.873 GC heap before
{Heap before GC invocations=5730 (full 2860):
 PSYoungGen      total 479296K, used 27805K [0x00000007ab0b0000, 0x00000007c88f0000, 0x0000000800000000)
  eden space 476672K, 5% used [0x00000007ab0b0000,0x00000007acbd7658,0x00000007c8230000)
  from space 2624K, 0% used [0x00000007c8230000,0x00000007c8230000,0x00000007c84c0000)
  to   space 3456K, 0% used [0x00000007c8590000,0x00000007c8590000,0x00000007c88f0000)
 ParOldGen       total 173952K, used 43918K [0x0000000701200000, 0x000000070bbe0000, 0x00000007ab0b0000)
  object space 173952K, 25% used [0x0000000701200000,0x0000000703ce3830,0x000000070bbe0000)
 PSPermGen       total 54400K, used 54118K [0x00000006fc000000, 0x00000006ff520000, 0x0000000701200000)
  object space 54400K, 99% used [0x00000006fc000000,0x00000006ff4d98e8,0x00000006ff520000)
Event: 172713.881 GC heap after
Heap after GC invocations=5730 (full 2860):
 PSYoungGen      total 479744K, used 512K [0x00000007ab0b0000, 0x00000007c8890000, 0x0000000800000000)
  eden space 476672K, 0% used [0x00000007ab0b0000,0x00000007ab0b0000,0x00000007c8230000)
  from space 3072K, 16% used [0x00000007c8590000,0x00000007c8610000,0x00000007c8890000)
  to   space 3264K, 0% used [0x00000007c8230000,0x00000007c8230000,0x00000007c8560000)
 ParOldGen       total 173952K, used 43918K [0x0000000701200000, 0x000000070bbe0000, 0x00000007ab0b0000)
  object space 173952K, 25% used [0x0000000701200000,0x0000000703ce3830,0x000000070bbe0000)
 PSPermGen       total 54400K, used 54118K [0x00000006fc000000, 0x00000006ff520000, 0x0000000701200000)
  object space 54400K, 99% used [0x00000006fc000000,0x00000006ff4d98e8,0x00000006ff520000)
}
Event: 172713.881 GC heap before
{Heap before GC invocations=5731 (full 2861):
 PSYoungGen      total 479744K, used 512K [0x00000007ab0b0000, 0x00000007c8890000, 0x0000000800000000)
  eden space 476672K, 0% used [0x00000007ab0b0000,0x00000007ab0b0000,0x00000007c8230000)
  from space 3072K, 16% used [0x00000007c8590000,0x00000007c8610000,0x00000007c8890000)
  to   space 3264K, 0% used [0x00000007c8230000,0x00000007c8230000,0x00000007c8560000)
 ParOldGen       total 173952K, used 43918K [0x0000000701200000, 0x000000070bbe0000, 0x00000007ab0b0000)
  object space 173952K, 25% used [0x0000000701200000,0x0000000703ce3830,0x000000070bbe0000)
 PSPermGen       total 54400K, used 54118K [0x00000006fc000000, 0x00000006ff520000, 0x0000000701200000)
  object space 54400K, 99% used [0x00000006fc000000,0x00000006ff4d98e8,0x00000006ff520000)
Event: 172714.016 GC heap after
Heap after GC invocations=5731 (full 2861):
 PSYoungGen      total 479744K, used 0K [0x00000007ab0b0000, 0x00000007c8890000, 0x0000000800000000)
  eden space 476672K, 0% used [0x00000007ab0b0000,0x00000007ab0b0000,0x00000007c8230000)
  from space 3072K, 0% used [0x00000007c8590000,0x00000007c8590000,0x00000007c8890000)
  to   space 3264K, 0% used [0x00000007c8230000,0x00000007c8230000,0x00000007c8560000)
 ParOldGen       total 173952K, used 43744K [0x0000000701200000, 0x000000070bbe0000, 0x00000007ab0b0000)
  object space 173952K, 25% used [0x0000000701200000,0x0000000703cb8088,0x000000070bbe0000)
 PSPermGen       total 54400K, used 54118K [0x00000006fc000000, 0x00000006ff520000, 0x0000000701200000)
  object space 54400K, 99% used [0x00000006fc000000,0x00000006ff4d98e8,0x00000006ff520000)
}

